srun: Job step aborted: Waiting up to 32 seconds for job step to finish.
slurmstepd: error: *** STEP 31716.1 ON g1 CANCELLED AT 2025-12-16T23:04:58 DUE TO TIME LIMIT ***
srun: got SIGCONT
srun: forcing job termination
srun: error: g2: task 1: Terminated
